<?xml version="1.0" encoding="UTF-8"?>
<coverage generated="1647209953980" clover="3.2.0">
  <project timestamp="1647209953981" name="All files">
    <metrics statements="102" coveredstatements="54" conditionals="12" coveredconditionals="3" methods="24" coveredmethods="8" elements="138" coveredelements="65" complexity="0" loc="102" ncloc="102" packages="4" files="7" classes="7"/>
    <package name="src">
      <metrics statements="24" coveredstatements="19" conditionals="4" coveredconditionals="3" methods="4" coveredmethods="3"/>
      <file name="database.js" path="C:\Users\JCort\OneDrive\Coding Projects\tennis_api_tech_test\src\database.js">
        <metrics statements="11" coveredstatements="7" conditionals="4" coveredconditionals="3" methods="3" coveredmethods="2"/>
        <line num="1" count="1" type="stmt"/>
        <line num="4" count="0" type="stmt"/>
        <line num="5" count="0" type="stmt"/>
        <line num="9" count="1" type="cond" truecount="1" falsecount="1"/>
        <line num="10" count="1" type="stmt"/>
        <line num="12" count="0" type="stmt"/>
        <line num="15" count="1" type="stmt"/>
        <line num="26" count="3" type="stmt"/>
        <line num="30" count="0" type="stmt"/>
        <line num="33" count="1" type="stmt"/>
        <line num="34" count="1" type="stmt"/>
      </file>
      <file name="server.js" path="C:\Users\JCort\OneDrive\Coding Projects\tennis_api_tech_test\src\server.js">
        <metrics statements="13" coveredstatements="12" conditionals="0" coveredconditionals="0" methods="1" coveredmethods="1"/>
        <line num="1" count="1" type="stmt"/>
        <line num="2" count="1" type="stmt"/>
        <line num="3" count="1" type="stmt"/>
        <line num="4" count="1" type="stmt"/>
        <line num="7" count="0" type="stmt"/>
        <line num="10" count="1" type="stmt"/>
        <line num="11" count="1" type="stmt"/>
        <line num="12" count="1" type="stmt"/>
        <line num="13" count="1" type="stmt"/>
        <line num="14" count="1" type="stmt"/>
        <line num="15" count="1" type="stmt"/>
        <line num="19" count="1" type="stmt"/>
        <line num="21" count="1" type="stmt"/>
      </file>
    </package>
    <package name="src.repos">
      <metrics statements="30" coveredstatements="10" conditionals="0" coveredconditionals="0" methods="12" coveredmethods="2"/>
      <file name="Matches.js" path="C:\Users\JCort\OneDrive\Coding Projects\tennis_api_tech_test\src\repos\Matches.js">
        <metrics statements="13" coveredstatements="3" conditionals="0" coveredconditionals="0" methods="5" coveredmethods="0"/>
        <line num="1" count="1" type="stmt"/>
        <line num="2" count="1" type="stmt"/>
        <line num="7" count="0" type="stmt"/>
        <line num="13" count="0" type="stmt"/>
        <line num="17" count="0" type="stmt"/>
        <line num="23" count="0" type="stmt"/>
        <line num="27" count="0" type="stmt"/>
        <line num="34" count="0" type="stmt"/>
        <line num="38" count="0" type="stmt"/>
        <line num="45" count="0" type="stmt"/>
        <line num="49" count="0" type="stmt"/>
        <line num="54" count="0" type="stmt"/>
        <line num="58" count="1" type="stmt"/>
      </file>
      <file name="Players.js" path="C:\Users\JCort\OneDrive\Coding Projects\tennis_api_tech_test\src\repos\Players.js">
        <metrics statements="17" coveredstatements="7" conditionals="0" coveredconditionals="0" methods="7" coveredmethods="2"/>
        <line num="1" count="1" type="stmt"/>
        <line num="2" count="1" type="stmt"/>
        <line num="8" count="0" type="stmt"/>
        <line num="21" count="0" type="stmt"/>
        <line num="25" count="0" type="stmt"/>
        <line num="38" count="0" type="stmt"/>
        <line num="42" count="0" type="stmt"/>
        <line num="55" count="0" type="stmt"/>
        <line num="59" count="0" type="stmt"/>
        <line num="70" count="0" type="stmt"/>
        <line num="74" count="2" type="stmt"/>
        <line num="79" count="1" type="stmt"/>
        <line num="83" count="0" type="stmt"/>
        <line num="86" count="0" type="stmt"/>
        <line num="91" count="2" type="stmt"/>
        <line num="94" count="2" type="stmt"/>
        <line num="99" count="1" type="stmt"/>
      </file>
    </package>
    <package name="src.router">
      <metrics statements="36" coveredstatements="15" conditionals="8" coveredconditionals="0" methods="4" coveredmethods="1"/>
      <file name="matches.js" path="C:\Users\JCort\OneDrive\Coding Projects\tennis_api_tech_test\src\router\matches.js">
        <metrics statements="15" coveredstatements="5" conditionals="0" coveredconditionals="0" methods="1" coveredmethods="0"/>
        <line num="1" count="1" type="stmt"/>
        <line num="2" count="1" type="stmt"/>
        <line num="3" count="1" type="stmt"/>
        <line num="5" count="1" type="stmt"/>
        <line num="6" count="0" type="stmt"/>
        <line num="7" count="0" type="stmt"/>
        <line num="8" count="0" type="stmt"/>
        <line num="9" count="0" type="stmt"/>
        <line num="10" count="0" type="stmt"/>
        <line num="11" count="0" type="stmt"/>
        <line num="13" count="0" type="stmt"/>
        <line num="14" count="0" type="stmt"/>
        <line num="16" count="0" type="stmt"/>
        <line num="18" count="0" type="stmt"/>
        <line num="21" count="1" type="stmt"/>
      </file>
      <file name="players.js" path="C:\Users\JCort\OneDrive\Coding Projects\tennis_api_tech_test\src\router\players.js">
        <metrics statements="21" coveredstatements="10" conditionals="8" coveredconditionals="0" methods="3" coveredmethods="1"/>
        <line num="1" count="1" type="stmt"/>
        <line num="2" count="1" type="stmt"/>
        <line num="3" count="1" type="stmt"/>
        <line num="5" count="1" type="stmt"/>
        <line num="7" count="0" type="stmt"/>
        <line num="10" count="0" type="cond" truecount="0" falsecount="4"/>
        <line num="11" count="0" type="stmt"/>
        <line num="12" count="0" type="cond" truecount="0" falsecount="2"/>
        <line num="13" count="0" type="stmt"/>
        <line num="14" count="0" type="cond" truecount="0" falsecount="2"/>
        <line num="15" count="0" type="stmt"/>
        <line num="17" count="0" type="stmt"/>
        <line num="20" count="0" type="stmt"/>
        <line num="24" count="1" type="stmt"/>
        <line num="25" count="2" type="stmt"/>
        <line num="26" count="2" type="stmt"/>
        <line num="27" count="1" type="stmt"/>
        <line num="30" count="1" type="stmt"/>
        <line num="31" count="0" type="stmt"/>
        <line num="32" count="0" type="stmt"/>
        <line num="34" count="1" type="stmt"/>
      </file>
    </package>
    <package name="tests">
      <metrics statements="12" coveredstatements="10" conditionals="0" coveredconditionals="0" methods="4" coveredmethods="2"/>
      <file name="testHelpers.js" path="C:\Users\JCort\OneDrive\Coding Projects\tennis_api_tech_test\tests\testHelpers.js">
        <metrics statements="12" coveredstatements="10" conditionals="0" coveredconditionals="0" methods="4" coveredmethods="2"/>
        <line num="1" count="1" type="stmt"/>
        <line num="2" count="1" type="stmt"/>
        <line num="4" count="1" type="stmt"/>
        <line num="5" count="2" type="stmt"/>
        <line num="6" count="2" type="stmt"/>
        <line num="9" count="1" type="stmt"/>
        <line num="10" count="1" type="stmt"/>
        <line num="13" count="1" type="stmt"/>
        <line num="14" count="0" type="stmt"/>
        <line num="25" count="1" type="stmt"/>
        <line num="26" count="0" type="stmt"/>
        <line num="41" count="1" type="stmt"/>
      </file>
    </package>
  </project>
</coverage>
