{"C:\\Users\\JCort\\OneDrive\\Coding Projects\\tennis_api_tech_test\\src\\database.js": {"path":"C:\\Users\\JCort\\OneDrive\\Coding Projects\\tennis_api_tech_test\\src\\database.js","statementMap":{"0":{"start":{"line":1,"column":17},"end":{"line":1,"column":30}},"1":{"start":{"line":4,"column":7},"end":{"line":4,"column":11}},"2":{"start":{"line":5,"column":15},"end":{"line":5,"column":19}},"3":{"start":{"line":9,"column":4},"end":{"line":13,"column":5}},"4":{"start":{"line":10,"column":6},"end":{"line":10,"column":34}},"5":{"start":{"line":12,"column":6},"end":{"line":12,"column":29}},"6":{"start":{"line":15,"column":4},"end":{"line":21,"column":7}},"7":{"start":{"line":26,"column":4},"end":{"line":26,"column":26}},"8":{"start":{"line":30,"column":4},"end":{"line":30,"column":25}},"9":{"start":{"line":33,"column":0},"end":{"line":33,"column":17}},"10":{"start":{"line":34,"column":0},"end":{"line":34,"column":26}}},"fnMap":{"0":{"name":"(anonymous_0)","decl":{"start":{"line":7,"column":2},"end":{"line":7,"column":3}},"loc":{"start":{"line":7,"column":57},"end":{"line":23,"column":3}},"line":7},"1":{"name":"(anonymous_1)","decl":{"start":{"line":25,"column":2},"end":{"line":25,"column":3}},"loc":{"start":{"line":25,"column":19},"end":{"line":27,"column":3}},"line":25},"2":{"name":"(anonymous_2)","decl":{"start":{"line":29,"column":2},"end":{"line":29,"column":3}},"loc":{"start":{"line":29,"column":17},"end":{"line":31,"column":3}},"line":29}},"branchMap":{"0":{"loc":{"start":{"line":7,"column":15},"end":{"line":7,"column":32}},"type":"default-arg","locations":[{"start":{"line":7,"column":22},"end":{"line":7,"column":32}}],"line":7},"1":{"loc":{"start":{"line":7,"column":34},"end":{"line":7,"column":55}},"type":"default-arg","locations":[{"start":{"line":7,"column":45},"end":{"line":7,"column":55}}],"line":7},"2":{"loc":{"start":{"line":9,"column":4},"end":{"line":13,"column":5}},"type":"if","locations":[{"start":{"line":9,"column":4},"end":{"line":13,"column":5}},{"start":{"line":11,"column":11},"end":{"line":13,"column":5}}],"line":9}},"s":{"0":1,"1":0,"2":0,"3":1,"4":1,"5":0,"6":1,"7":3,"8":0,"9":1,"10":1},"f":{"0":1,"1":3,"2":0},"b":{"0":[1],"1":[1],"2":[1,0]},"_coverageSchema":"1a1c01bbd47fc00a2c39e90264f33305004495a9","hash":"83da0ea2c3330815636d55f90dce56da28a0783c"}
,"C:\\Users\\JCort\\OneDrive\\Coding Projects\\tennis_api_tech_test\\src\\server.js": {"path":"C:\\Users\\JCort\\OneDrive\\Coding Projects\\tennis_api_tech_test\\src\\server.js","statementMap":{"0":{"start":{"line":1,"column":16},"end":{"line":1,"column":34}},"1":{"start":{"line":2,"column":13},"end":{"line":2,"column":28}},"2":{"start":{"line":3,"column":21},"end":{"line":3,"column":48}},"3":{"start":{"line":4,"column":20},"end":{"line":4,"column":48}},"4":{"start":{"line":7,"column":8},"end":{"line":7,"column":12}},"5":{"start":{"line":10,"column":4},"end":{"line":10,"column":25}},"6":{"start":{"line":11,"column":4},"end":{"line":11,"column":25}},"7":{"start":{"line":12,"column":4},"end":{"line":12,"column":33}},"8":{"start":{"line":13,"column":4},"end":{"line":13,"column":55}},"9":{"start":{"line":14,"column":4},"end":{"line":14,"column":31}},"10":{"start":{"line":15,"column":4},"end":{"line":15,"column":30}},"11":{"start":{"line":19,"column":0},"end":{"line":19,"column":14}},"12":{"start":{"line":21,"column":0},"end":{"line":21,"column":28}}},"fnMap":{"0":{"name":"(anonymous_0)","decl":{"start":{"line":9,"column":2},"end":{"line":9,"column":3}},"loc":{"start":{"line":9,"column":17},"end":{"line":16,"column":3}},"line":9}},"branchMap":{},"s":{"0":1,"1":1,"2":1,"3":1,"4":0,"5":1,"6":1,"7":1,"8":1,"9":1,"10":1,"11":1,"12":1},"f":{"0":1},"b":{},"_coverageSchema":"1a1c01bbd47fc00a2c39e90264f33305004495a9","hash":"93cd675cded955f6d693e57cc523d7f7ce2d1b9c"}
,"C:\\Users\\JCort\\OneDrive\\Coding Projects\\tennis_api_tech_test\\src\\repos\\Matches.js": {"path":"C:\\Users\\JCort\\OneDrive\\Coding Projects\\tennis_api_tech_test\\src\\repos\\Matches.js","statementMap":{"0":{"start":{"line":1,"column":17},"end":{"line":1,"column":39}},"1":{"start":{"line":2,"column":13},"end":{"line":2,"column":31}},"2":{"start":{"line":7,"column":21},"end":{"line":12,"column":5}},"3":{"start":{"line":13,"column":6},"end":{"line":13,"column":30}},"4":{"start":{"line":17,"column":21},"end":{"line":22,"column":5}},"5":{"start":{"line":23,"column":6},"end":{"line":23,"column":30}},"6":{"start":{"line":27,"column":21},"end":{"line":33,"column":5}},"7":{"start":{"line":34,"column":4},"end":{"line":34,"column":15}},"8":{"start":{"line":38,"column":21},"end":{"line":44,"column":5}},"9":{"start":{"line":45,"column":4},"end":{"line":45,"column":15}},"10":{"start":{"line":49,"column":21},"end":{"line":53,"column":5}},"11":{"start":{"line":54,"column":4},"end":{"line":54,"column":15}},"12":{"start":{"line":58,"column":0},"end":{"line":58,"column":25}}},"fnMap":{"0":{"name":"(anonymous_0)","decl":{"start":{"line":6,"column":2},"end":{"line":6,"column":3}},"loc":{"start":{"line":6,"column":42},"end":{"line":14,"column":3}},"line":6},"1":{"name":"(anonymous_1)","decl":{"start":{"line":16,"column":2},"end":{"line":16,"column":3}},"loc":{"start":{"line":16,"column":40},"end":{"line":24,"column":3}},"line":16},"2":{"name":"(anonymous_2)","decl":{"start":{"line":26,"column":2},"end":{"line":26,"column":3}},"loc":{"start":{"line":26,"column":59},"end":{"line":35,"column":3}},"line":26},"3":{"name":"(anonymous_3)","decl":{"start":{"line":37,"column":2},"end":{"line":37,"column":3}},"loc":{"start":{"line":37,"column":56},"end":{"line":46,"column":3}},"line":37},"4":{"name":"(anonymous_4)","decl":{"start":{"line":48,"column":2},"end":{"line":48,"column":3}},"loc":{"start":{"line":48,"column":45},"end":{"line":55,"column":3}},"line":48}},"branchMap":{},"s":{"0":1,"1":1,"2":0,"3":0,"4":0,"5":0,"6":0,"7":0,"8":0,"9":0,"10":0,"11":0,"12":1},"f":{"0":0,"1":0,"2":0,"3":0,"4":0},"b":{},"_coverageSchema":"1a1c01bbd47fc00a2c39e90264f33305004495a9","hash":"fbc2edc0a4e338daaa06798a09259bafa339c84f"}
,"C:\\Users\\JCort\\OneDrive\\Coding Projects\\tennis_api_tech_test\\src\\repos\\Players.js": {"path":"C:\\Users\\JCort\\OneDrive\\Coding Projects\\tennis_api_tech_test\\src\\repos\\Players.js","statementMap":{"0":{"start":{"line":1,"column":17},"end":{"line":1,"column":39}},"1":{"start":{"line":2,"column":13},"end":{"line":2,"column":31}},"2":{"start":{"line":8,"column":21},"end":{"line":20,"column":7}},"3":{"start":{"line":21,"column":6},"end":{"line":21,"column":17}},"4":{"start":{"line":25,"column":21},"end":{"line":37,"column":5}},"5":{"start":{"line":38,"column":4},"end":{"line":38,"column":15}},"6":{"start":{"line":42,"column":21},"end":{"line":54,"column":5}},"7":{"start":{"line":55,"column":4},"end":{"line":55,"column":15}},"8":{"start":{"line":59,"column":21},"end":{"line":69,"column":5}},"9":{"start":{"line":70,"column":4},"end":{"line":70,"column":15}},"10":{"start":{"line":74,"column":21},"end":{"line":78,"column":5}},"11":{"start":{"line":79,"column":4},"end":{"line":79,"column":15}},"12":{"start":{"line":83,"column":21},"end":{"line":85,"column":6}},"13":{"start":{"line":86,"column":4},"end":{"line":86,"column":15}},"14":{"start":{"line":91,"column":21},"end":{"line":93,"column":6}},"15":{"start":{"line":94,"column":4},"end":{"line":94,"column":36}},"16":{"start":{"line":99,"column":0},"end":{"line":99,"column":25}}},"fnMap":{"0":{"name":"(anonymous_0)","decl":{"start":{"line":7,"column":2},"end":{"line":7,"column":3}},"loc":{"start":{"line":7,"column":64},"end":{"line":22,"column":3}},"line":7},"1":{"name":"(anonymous_1)","decl":{"start":{"line":24,"column":2},"end":{"line":24,"column":3}},"loc":{"start":{"line":24,"column":37},"end":{"line":39,"column":3}},"line":24},"2":{"name":"(anonymous_2)","decl":{"start":{"line":41,"column":2},"end":{"line":41,"column":3}},"loc":{"start":{"line":41,"column":46},"end":{"line":56,"column":3}},"line":41},"3":{"name":"(anonymous_3)","decl":{"start":{"line":58,"column":2},"end":{"line":58,"column":3}},"loc":{"start":{"line":58,"column":22},"end":{"line":71,"column":3}},"line":58},"4":{"name":"(anonymous_4)","decl":{"start":{"line":73,"column":2},"end":{"line":73,"column":3}},"loc":{"start":{"line":73,"column":75},"end":{"line":80,"column":3}},"line":73},"5":{"name":"(anonymous_5)","decl":{"start":{"line":82,"column":2},"end":{"line":82,"column":3}},"loc":{"start":{"line":82,"column":25},"end":{"line":87,"column":3}},"line":82},"6":{"name":"(anonymous_6)","decl":{"start":{"line":90,"column":2},"end":{"line":90,"column":3}},"loc":{"start":{"line":90,"column":23},"end":{"line":95,"column":3}},"line":90}},"branchMap":{},"s":{"0":1,"1":1,"2":0,"3":0,"4":0,"5":0,"6":0,"7":0,"8":0,"9":0,"10":2,"11":1,"12":0,"13":0,"14":2,"15":2,"16":1},"f":{"0":0,"1":0,"2":0,"3":0,"4":2,"5":0,"6":2},"b":{},"_coverageSchema":"1a1c01bbd47fc00a2c39e90264f33305004495a9","hash":"cbf8a1ee0e490b50a3550991a59d6443bb2ca952"}
,"C:\\Users\\JCort\\OneDrive\\Coding Projects\\tennis_api_tech_test\\src\\router\\matches.js": {"path":"C:\\Users\\JCort\\OneDrive\\Coding Projects\\tennis_api_tech_test\\src\\router\\matches.js","statementMap":{"0":{"start":{"line":1,"column":16},"end":{"line":1,"column":34}},"1":{"start":{"line":2,"column":15},"end":{"line":2,"column":31}},"2":{"start":{"line":3,"column":16},"end":{"line":3,"column":43}},"3":{"start":{"line":5,"column":0},"end":{"line":19,"column":3}},"4":{"start":{"line":6,"column":34},"end":{"line":6,"column":42}},"5":{"start":{"line":7,"column":21},"end":{"line":7,"column":61}},"6":{"start":{"line":8,"column":20},"end":{"line":8,"column":58}},"7":{"start":{"line":9,"column":27},"end":{"line":9,"column":56}},"8":{"start":{"line":10,"column":2},"end":{"line":10,"column":34}},"9":{"start":{"line":11,"column":2},"end":{"line":11,"column":33}},"10":{"start":{"line":13,"column":2},"end":{"line":13,"column":59}},"11":{"start":{"line":14,"column":2},"end":{"line":14,"column":56}},"12":{"start":{"line":16,"column":19},"end":{"line":16,"column":62}},"13":{"start":{"line":18,"column":2},"end":{"line":18,"column":20}},"14":{"start":{"line":21,"column":0},"end":{"line":21,"column":24}}},"fnMap":{"0":{"name":"(anonymous_0)","decl":{"start":{"line":5,"column":24},"end":{"line":5,"column":25}},"loc":{"start":{"line":5,"column":44},"end":{"line":19,"column":1}},"line":5}},"branchMap":{},"s":{"0":1,"1":1,"2":1,"3":1,"4":0,"5":0,"6":0,"7":0,"8":0,"9":0,"10":0,"11":0,"12":0,"13":0,"14":1},"f":{"0":0},"b":{},"_coverageSchema":"1a1c01bbd47fc00a2c39e90264f33305004495a9","hash":"1ba9ee5944e54cb9b37483d04667fad237e781d9"}
,"C:\\Users\\JCort\\OneDrive\\Coding Projects\\tennis_api_tech_test\\src\\router\\players.js": {"path":"C:\\Users\\JCort\\OneDrive\\Coding Projects\\tennis_api_tech_test\\src\\router\\players.js","statementMap":{"0":{"start":{"line":1,"column":16},"end":{"line":1,"column":34}},"1":{"start":{"line":2,"column":15},"end":{"line":2,"column":31}},"2":{"start":{"line":3,"column":16},"end":{"line":3,"column":43}},"3":{"start":{"line":5,"column":0},"end":{"line":22,"column":3}},"4":{"start":{"line":7,"column":37},"end":{"line":7,"column":45}},"5":{"start":{"line":10,"column":2},"end":{"line":18,"column":3}},"6":{"start":{"line":11,"column":4},"end":{"line":11,"column":77}},"7":{"start":{"line":12,"column":9},"end":{"line":18,"column":3}},"8":{"start":{"line":13,"column":4},"end":{"line":13,"column":50}},"9":{"start":{"line":14,"column":9},"end":{"line":18,"column":3}},"10":{"start":{"line":15,"column":4},"end":{"line":15,"column":59}},"11":{"start":{"line":17,"column":4},"end":{"line":17,"column":35}},"12":{"start":{"line":20,"column":2},"end":{"line":20,"column":19}},"13":{"start":{"line":24,"column":0},"end":{"line":28,"column":3}},"14":{"start":{"line":25,"column":64},"end":{"line":25,"column":72}},"15":{"start":{"line":26,"column":20},"end":{"line":26,"column":93}},"16":{"start":{"line":27,"column":2},"end":{"line":27,"column":21}},"17":{"start":{"line":30,"column":0},"end":{"line":33,"column":2}},"18":{"start":{"line":31,"column":21},"end":{"line":31,"column":44}},"19":{"start":{"line":32,"column":2},"end":{"line":32,"column":23}},"20":{"start":{"line":34,"column":0},"end":{"line":34,"column":24}}},"fnMap":{"0":{"name":"(anonymous_0)","decl":{"start":{"line":5,"column":23},"end":{"line":5,"column":24}},"loc":{"start":{"line":5,"column":43},"end":{"line":22,"column":1}},"line":5},"1":{"name":"(anonymous_1)","decl":{"start":{"line":24,"column":24},"end":{"line":24,"column":25}},"loc":{"start":{"line":24,"column":44},"end":{"line":28,"column":1}},"line":24},"2":{"name":"(anonymous_2)","decl":{"start":{"line":30,"column":26},"end":{"line":30,"column":27}},"loc":{"start":{"line":30,"column":46},"end":{"line":33,"column":1}},"line":30}},"branchMap":{"0":{"loc":{"start":{"line":10,"column":2},"end":{"line":18,"column":3}},"type":"if","locations":[{"start":{"line":10,"column":2},"end":{"line":18,"column":3}},{"start":{"line":12,"column":9},"end":{"line":18,"column":3}}],"line":10},"1":{"loc":{"start":{"line":10,"column":5},"end":{"line":10,"column":29}},"type":"binary-expr","locations":[{"start":{"line":10,"column":5},"end":{"line":10,"column":14}},{"start":{"line":10,"column":18},"end":{"line":10,"column":29}}],"line":10},"2":{"loc":{"start":{"line":12,"column":9},"end":{"line":18,"column":3}},"type":"if","locations":[{"start":{"line":12,"column":9},"end":{"line":18,"column":3}},{"start":{"line":14,"column":9},"end":{"line":18,"column":3}}],"line":12},"3":{"loc":{"start":{"line":14,"column":9},"end":{"line":18,"column":3}},"type":"if","locations":[{"start":{"line":14,"column":9},"end":{"line":18,"column":3}},{"start":{"line":16,"column":9},"end":{"line":18,"column":3}}],"line":14}},"s":{"0":1,"1":1,"2":1,"3":1,"4":0,"5":0,"6":0,"7":0,"8":0,"9":0,"10":0,"11":0,"12":0,"13":1,"14":2,"15":2,"16":1,"17":1,"18":0,"19":0,"20":1},"f":{"0":0,"1":2,"2":0},"b":{"0":[0,0],"1":[0,0],"2":[0,0],"3":[0,0]},"_coverageSchema":"1a1c01bbd47fc00a2c39e90264f33305004495a9","hash":"8f3c1785a6ea24aeb02f07be72ed6bd4ea541b33"}
,"C:\\Users\\JCort\\OneDrive\\Coding Projects\\tennis_api_tech_test\\tests\\testHelpers.js": {"path":"C:\\Users\\JCort\\OneDrive\\Coding Projects\\tennis_api_tech_test\\tests\\testHelpers.js","statementMap":{"0":{"start":{"line":1,"column":17},"end":{"line":1,"column":43}},"1":{"start":{"line":2,"column":13},"end":{"line":2,"column":31}},"2":{"start":{"line":4,"column":20},"end":{"line":7,"column":1}},"3":{"start":{"line":5,"column":2},"end":{"line":5,"column":65}},"4":{"start":{"line":6,"column":2},"end":{"line":6,"column":65}},"5":{"start":{"line":9,"column":18},"end":{"line":11,"column":1}},"6":{"start":{"line":10,"column":2},"end":{"line":10,"column":19}},"7":{"start":{"line":13,"column":25},"end":{"line":23,"column":1}},"8":{"start":{"line":14,"column":2},"end":{"line":22,"column":4}},"9":{"start":{"line":25,"column":25},"end":{"line":39,"column":1}},"10":{"start":{"line":26,"column":2},"end":{"line":38,"column":4}},"11":{"start":{"line":41,"column":0},"end":{"line":41,"column":80}}},"fnMap":{"0":{"name":"(anonymous_0)","decl":{"start":{"line":4,"column":20},"end":{"line":4,"column":21}},"loc":{"start":{"line":4,"column":32},"end":{"line":7,"column":1}},"line":4},"1":{"name":"(anonymous_1)","decl":{"start":{"line":9,"column":18},"end":{"line":9,"column":19}},"loc":{"start":{"line":9,"column":30},"end":{"line":11,"column":1}},"line":9},"2":{"name":"(anonymous_2)","decl":{"start":{"line":13,"column":25},"end":{"line":13,"column":26}},"loc":{"start":{"line":13,"column":37},"end":{"line":23,"column":1}},"line":13},"3":{"name":"(anonymous_3)","decl":{"start":{"line":25,"column":25},"end":{"line":25,"column":26}},"loc":{"start":{"line":25,"column":37},"end":{"line":39,"column":1}},"line":25}},"branchMap":{},"s":{"0":1,"1":1,"2":1,"3":2,"4":2,"5":1,"6":1,"7":1,"8":0,"9":1,"10":0,"11":1},"f":{"0":2,"1":1,"2":0,"3":0},"b":{},"_coverageSchema":"1a1c01bbd47fc00a2c39e90264f33305004495a9","hash":"da9ad91b15ba1ef29928e2ed95fd9ce9d56d18c6"}
}
