TN:
SF:src\database.js
FN:7,(anonymous_0)
FN:25,(anonymous_1)
FN:29,(anonymous_2)
FNF:3
FNH:2
FNDA:3,(anonymous_0)
FNDA:9,(anonymous_1)
FNDA:0,(anonymous_2)
DA:1,3
DA:4,0
DA:5,0
DA:9,3
DA:10,3
DA:12,0
DA:15,3
DA:26,9
DA:30,0
DA:33,3
DA:34,3
LF:11
LH:7
BRDA:7,0,0,3
BRDA:7,1,0,3
BRDA:9,2,0,3
BRDA:9,2,1,0
BRF:4
BRH:3
end_of_record
TN:
SF:src\server.js
FN:9,(anonymous_0)
FN:16,(anonymous_1)
FNF:2
FNH:2
FNDA:3,(anonymous_0)
FNDA:6,(anonymous_1)
DA:1,3
DA:2,3
DA:3,3
DA:4,3
DA:7,0
DA:10,3
DA:11,3
DA:12,3
DA:13,3
DA:14,3
DA:15,3
DA:16,3
DA:17,6
DA:18,6
DA:23,3
DA:25,3
LF:16
LH:15
BRDA:17,0,0,1
BRDA:17,1,0,0
BRF:2
BRH:1
end_of_record
TN:
SF:src\errorHandling\AppError.js
FN:2,(anonymous_0)
FNF:1
FNH:1
FNDA:5,(anonymous_0)
DA:3,5
DA:4,5
DA:5,5
DA:9,3
LF:4
LH:4
BRF:0
BRH:0
end_of_record
TN:
SF:src\errorHandling\handleAsyncErrors.js
FN:1,handleAsyncErrors
FN:2,(anonymous_1)
FN:3,(anonymous_2)
FNF:3
FNH:3
FNDA:9,handleAsyncErrors
FNDA:27,(anonymous_1)
FNDA:6,(anonymous_2)
DA:1,3
DA:2,9
DA:3,27
LF:3
LH:3
BRF:0
BRH:0
end_of_record
TN:
SF:src\errorHandling\validations.js
FN:4,(anonymous_0)
FNF:1
FNH:1
FNDA:8,(anonymous_0)
DA:1,3
DA:2,3
DA:4,3
DA:5,8
DA:6,7
DA:7,6
DA:8,5
DA:9,4
DA:12,3
LF:9
LH:9
BRDA:5,0,0,1
BRDA:5,0,1,7
BRDA:6,1,0,1
BRDA:6,1,1,6
BRDA:7,2,0,1
BRDA:7,2,1,5
BRDA:8,3,0,1
BRDA:8,3,1,4
BRDA:9,4,0,1
BRDA:9,4,1,3
BRF:10
BRH:10
end_of_record
TN:
SF:src\repos\Matches.js
FN:6,(anonymous_0)
FN:16,(anonymous_1)
FN:26,(anonymous_2)
FN:37,(anonymous_3)
FN:48,(anonymous_4)
FNF:5
FNH:5
FNDA:4,(anonymous_0)
FNDA:4,(anonymous_1)
FNDA:4,(anonymous_2)
FNDA:4,(anonymous_3)
FNDA:4,(anonymous_4)
DA:1,3
DA:2,3
DA:7,4
DA:13,4
DA:17,4
DA:23,4
DA:27,4
DA:34,4
DA:38,4
DA:45,4
DA:49,4
DA:54,4
DA:58,3
LF:13
LH:13
BRF:0
BRH:0
end_of_record
TN:
SF:src\repos\Players.js
FN:6,(anonymous_0)
FN:15,(anonymous_1)
FN:49,(anonymous_2)
FN:83,(anonymous_3)
FN:117,(anonymous_4)
FNF:5
FNH:5
FNDA:3,(anonymous_0)
FNDA:1,(anonymous_1)
FNDA:1,(anonymous_2)
FNDA:1,(anonymous_3)
FNDA:12,(anonymous_4)
DA:1,3
DA:2,3
DA:7,3
DA:12,2
DA:16,1
DA:46,1
DA:50,1
DA:80,1
DA:84,1
DA:114,1
DA:118,12
DA:145,12
DA:150,3
LF:13
LH:13
BRF:0
BRH:0
end_of_record
TN:
SF:src\router\matches.js
FN:7,(anonymous_0)
FNF:1
FNH:1
FNDA:4,(anonymous_0)
DA:1,3
DA:2,3
DA:3,3
DA:4,3
DA:5,3
DA:7,3
DA:8,4
DA:9,4
DA:10,4
DA:11,4
DA:12,4
DA:13,4
DA:15,4
DA:16,4
DA:18,4
DA:20,4
DA:23,3
LF:17
LH:17
BRF:0
BRH:0
end_of_record
TN:
SF:src\router\players.js
FN:10,(anonymous_0)
FN:26,(anonymous_1)
FNF:2
FNH:2
FNDA:15,(anonymous_0)
FNDA:8,(anonymous_1)
DA:1,3
DA:2,3
DA:3,3
DA:4,3
DA:5,3
DA:6,3
DA:7,3
DA:10,3
DA:11,15
DA:13,15
DA:14,1
DA:15,14
DA:16,1
DA:17,13
DA:18,1
DA:20,12
DA:23,15
DA:26,3
DA:27,8
DA:28,8
DA:29,3
DA:30,2
DA:33,3
LF:23
LH:23
BRDA:13,0,0,1
BRDA:13,0,1,14
BRDA:13,1,0,15
BRDA:13,1,1,2
BRDA:15,2,0,1
BRDA:15,2,1,13
BRDA:17,3,0,1
BRDA:17,3,1,12
BRF:8
BRH:8
end_of_record
TN:
SF:tests\testHelpers.js
FN:4,(anonymous_0)
FN:9,(anonymous_1)
FN:13,(anonymous_2)
FN:20,(anonymous_3)
FN:27,(anonymous_4)
FN:37,(anonymous_5)
FN:54,(anonymous_6)
FN:70,(anonymous_7)
FN:80,(anonymous_8)
FNF:9
FNH:9
FNDA:10,(anonymous_0)
FNDA:3,(anonymous_1)
FNDA:2,(anonymous_2)
FNDA:2,(anonymous_3)
FNDA:4,(anonymous_4)
FNDA:3,(anonymous_5)
FNDA:1,(anonymous_6)
FNDA:1,(anonymous_7)
FNDA:3,(anonymous_8)
DA:1,3
DA:2,3
DA:4,3
DA:5,10
DA:6,10
DA:9,3
DA:10,3
DA:13,3
DA:14,2
DA:17,2
DA:20,3
DA:21,2
DA:24,2
DA:27,3
DA:28,4
DA:34,4
DA:37,3
DA:38,3
DA:54,3
DA:55,1
DA:70,3
DA:71,1
DA:80,3
DA:81,3
DA:94,3
LF:25
LH:25
BRF:0
BRH:0
end_of_record
