TN:
SF:src\database.js
FN:7,(anonymous_0)
FN:25,(anonymous_1)
FN:29,(anonymous_2)
FNF:3
FNH:2
FNDA:1,(anonymous_0)
FNDA:3,(anonymous_1)
FNDA:0,(anonymous_2)
DA:1,1
DA:4,0
DA:5,0
DA:9,1
DA:10,1
DA:12,0
DA:15,1
DA:26,3
DA:30,0
DA:33,1
DA:34,1
LF:11
LH:7
BRDA:7,0,0,1
BRDA:7,1,0,1
BRDA:9,2,0,1
BRDA:9,2,1,0
BRF:4
BRH:3
end_of_record
TN:
SF:src\server.js
FN:9,(anonymous_0)
FN:16,(anonymous_1)
FNF:2
FNH:2
FNDA:1,(anonymous_0)
FNDA:6,(anonymous_1)
DA:1,1
DA:2,1
DA:3,1
DA:4,1
DA:7,0
DA:10,1
DA:11,1
DA:12,1
DA:13,1
DA:14,1
DA:15,1
DA:16,1
DA:17,6
DA:18,6
DA:23,1
DA:25,1
LF:16
LH:15
BRDA:17,0,0,1
BRDA:17,1,0,0
BRF:2
BRH:1
end_of_record
TN:
SF:src\errorHandling\AppError.js
FN:2,(anonymous_0)
FNF:1
FNH:1
FNDA:5,(anonymous_0)
DA:3,5
DA:4,5
DA:5,5
DA:9,1
LF:4
LH:4
BRF:0
BRH:0
end_of_record
TN:
SF:src\errorHandling\handleAsyncErrors.js
FN:1,handleAsyncErrors
FN:2,(anonymous_1)
FN:3,(anonymous_2)
FNF:3
FNH:3
FNDA:3,handleAsyncErrors
FNDA:12,(anonymous_1)
FNDA:6,(anonymous_2)
DA:1,1
DA:2,3
DA:3,12
LF:3
LH:3
BRF:0
BRH:0
end_of_record
TN:
SF:src\errorHandling\validations.js
FN:4,(anonymous_0)
FNF:1
FNH:1
FNDA:8,(anonymous_0)
DA:1,1
DA:2,1
DA:4,1
DA:5,8
DA:6,7
DA:7,6
DA:8,5
DA:9,4
DA:12,1
LF:9
LH:9
BRDA:5,0,0,1
BRDA:5,0,1,7
BRDA:6,1,0,1
BRDA:6,1,1,6
BRDA:7,2,0,1
BRDA:7,2,1,5
BRDA:8,3,0,1
BRDA:8,3,1,4
BRDA:9,4,0,1
BRDA:9,4,1,3
BRF:10
BRH:10
end_of_record
TN:
SF:src\repos\Matches.js
FN:6,(anonymous_0)
FN:16,(anonymous_1)
FN:26,(anonymous_2)
FN:37,(anonymous_3)
FN:48,(anonymous_4)
FNF:5
FNH:0
FNDA:0,(anonymous_0)
FNDA:0,(anonymous_1)
FNDA:0,(anonymous_2)
FNDA:0,(anonymous_3)
FNDA:0,(anonymous_4)
DA:1,1
DA:2,1
DA:7,0
DA:13,0
DA:17,0
DA:23,0
DA:27,0
DA:34,0
DA:38,0
DA:45,0
DA:49,0
DA:54,0
DA:58,1
LF:13
LH:3
BRF:0
BRH:0
end_of_record
TN:
SF:src\repos\Players.js
FN:6,(anonymous_0)
FN:15,(anonymous_1)
FN:49,(anonymous_2)
FN:83,(anonymous_3)
FN:117,(anonymous_4)
FN:149,(anonymous_5)
FNF:6
FNH:3
FNDA:3,(anonymous_0)
FNDA:0,(anonymous_1)
FNDA:0,(anonymous_2)
FNDA:0,(anonymous_3)
FNDA:4,(anonymous_4)
FNDA:2,(anonymous_5)
DA:1,1
DA:2,1
DA:7,3
DA:12,2
DA:16,0
DA:46,0
DA:50,0
DA:80,0
DA:84,0
DA:114,0
DA:118,4
DA:145,4
DA:150,2
DA:153,2
DA:158,1
LF:15
LH:9
BRF:0
BRH:0
end_of_record
TN:
SF:src\router\matches.js
FN:7,(anonymous_0)
FNF:1
FNH:0
FNDA:0,(anonymous_0)
DA:1,1
DA:2,1
DA:3,1
DA:4,1
DA:5,1
DA:7,1
DA:8,0
DA:9,0
DA:10,0
DA:11,0
DA:12,0
DA:13,0
DA:15,0
DA:16,0
DA:18,0
DA:20,0
DA:23,1
LF:17
LH:7
BRF:0
BRH:0
end_of_record
TN:
SF:src\router\players.js
FN:10,(anonymous_0)
FN:27,(anonymous_1)
FNF:2
FNH:2
FNDA:4,(anonymous_0)
FNDA:8,(anonymous_1)
DA:1,1
DA:2,1
DA:3,1
DA:4,1
DA:5,1
DA:6,1
DA:7,1
DA:10,1
DA:11,4
DA:13,4
DA:14,0
DA:15,4
DA:16,0
DA:17,4
DA:18,0
DA:20,4
DA:21,4
DA:24,4
DA:27,1
DA:28,8
DA:29,8
DA:30,3
DA:31,2
DA:34,1
LF:24
LH:21
BRDA:13,0,0,0
BRDA:13,0,1,4
BRDA:13,1,0,4
BRDA:13,1,1,0
BRDA:15,2,0,0
BRDA:15,2,1,4
BRDA:17,3,0,0
BRDA:17,3,1,4
BRF:8
BRH:4
end_of_record
TN:
SF:tests\testHelpers.js
FN:4,(anonymous_0)
FN:9,(anonymous_1)
FN:13,(anonymous_2)
FN:30,(anonymous_3)
FNF:4
FNH:4
FNDA:8,(anonymous_0)
FNDA:1,(anonymous_1)
FNDA:1,(anonymous_2)
FNDA:1,(anonymous_3)
DA:1,1
DA:2,1
DA:4,1
DA:5,8
DA:6,8
DA:9,1
DA:10,1
DA:13,1
DA:14,1
DA:30,1
DA:31,1
DA:46,1
LF:12
LH:12
BRF:0
BRH:0
end_of_record
